<?xml version="1.0" encoding="UTF-8"?>
<!-- Generated by org.testng.reporters.JUnitReportReporter -->
<testsuite hostname="Tannaz" failures="0" tests="1" name="Rongdhonu_TestRunner.Rongdhonu_Testrunner" time="22.194" errors="0" timestamp="2023-10-09T01:59:48 EDT" skipped="0">
  <testcase classname="Rongdhonu_TestRunner.Rongdhonu_Testrunner" name="feature" time="22.194"/>
</testsuite> <!-- Rongdhonu_TestRunner.Rongdhonu_Testrunner -->
